[debug] [2022-12-14T14:14:03.132Z] ----------------------------------------------------------------------
[debug] [2022-12-14T14:14:03.135Z] Command:       C:\Program Files\nodejs\node.exe C:\Users\user2020\AppData\Roaming\npm\node_modules\firebase-tools\lib\bin\firebase.js deploy
[debug] [2022-12-14T14:14:03.136Z] CLI Version:   9.23.0
[debug] [2022-12-14T14:14:03.137Z] Platform:      win32
[debug] [2022-12-14T14:14:03.137Z] Node Version:  v16.13.2
[debug] [2022-12-14T14:14:03.146Z] Time:          Wed Dec 14 2022 09:14:03 GMT-0500 (Eastern Standard Time)
[debug] [2022-12-14T14:14:03.147Z] ----------------------------------------------------------------------
[debug] 
[debug] [2022-12-14T14:14:03.153Z] >>> [apiv2][query] GET https://firebase-public.firebaseio.com/cli.json [none]
[debug] [2022-12-14T14:14:03.351Z] > command requires scopes: ["email","openid","https://www.googleapis.com/auth/cloudplatformprojects.readonly","https://www.googleapis.com/auth/firebase","https://www.googleapis.com/auth/cloud-platform"]
[debug] [2022-12-14T14:14:03.352Z] > authorizing via signed-in user (kenjfiddle@gmail.com)
[debug] [2022-12-14T14:14:03.353Z] [iam] checking project rostermaker for permissions ["firebase.projects.get","firebasehosting.sites.update"]
[debug] [2022-12-14T14:14:03.359Z] > refreshing access token with scopes: ["email","https://www.googleapis.com/auth/cloud-platform","https://www.googleapis.com/auth/cloudplatformprojects.readonly","https://www.googleapis.com/auth/firebase","openid"]
[debug] [2022-12-14T14:14:03.360Z] >>> HTTP REQUEST POST https://www.googleapis.com/oauth2/v3/token  
 <request body omitted>
[debug] [2022-12-14T14:14:03.764Z] <<< [apiv2][status] GET https://firebase-public.firebaseio.com/cli.json 200
[debug] [2022-12-14T14:14:03.765Z] <<< [apiv2][body] GET https://firebase-public.firebaseio.com/cli.json {"cloudBuildErrorAfter":1594252800000,"cloudBuildWarnAfter":1590019200000,"defaultNode10After":1594252800000,"minVersion":"3.0.5","node8DeploysDisabledAfter":1613390400000,"node8RuntimeDisabledAfter":1615809600000,"node8WarnAfter":1600128000000}
[debug] [2022-12-14T14:14:03.811Z] <<< HTTP RESPONSE 200 {"expires":"Mon, 01 Jan 1990 00:00:00 GMT","date":"Wed, 14 Dec 2022 14:14:04 GMT","pragma":"no-cache","cache-control":"no-cache, no-store, max-age=0, must-revalidate","content-type":"application/json; charset=utf-8","vary":"X-Origin, Referer, Origin,Accept-Encoding","server":"scaffolding on HTTPServer2","x-xss-protection":"0","x-frame-options":"SAMEORIGIN","x-content-type-options":"nosniff","alt-svc":"h3=\":443\"; ma=2592000,h3-29=\":443\"; ma=2592000,h3-Q050=\":443\"; ma=2592000,h3-Q046=\":443\"; ma=2592000,h3-Q043=\":443\"; ma=2592000,quic=\":443\"; ma=2592000; v=\"46,43\"","accept-ranges":"none","transfer-encoding":"chunked"}
[debug] [2022-12-14T14:14:03.847Z] >>> HTTP REQUEST POST https://cloudresourcemanager.googleapis.com/v1/projects/rostermaker:testIamPermissions  
 {"permissions":["firebase.projects.get","firebasehosting.sites.update"]}
[debug] [2022-12-14T14:14:04.275Z] <<< HTTP RESPONSE 200 {"content-type":"application/json; charset=UTF-8","vary":"X-Origin, Referer, Origin,Accept-Encoding","date":"Wed, 14 Dec 2022 14:14:04 GMT","server":"ESF","cache-control":"private","x-xss-protection":"0","x-frame-options":"SAMEORIGIN","x-content-type-options":"nosniff","server-timing":"gfet4t7; dur=48","alt-svc":"h3=\":443\"; ma=2592000,h3-29=\":443\"; ma=2592000,h3-Q050=\":443\"; ma=2592000,h3-Q046=\":443\"; ma=2592000,h3-Q043=\":443\"; ma=2592000,quic=\":443\"; ma=2592000; v=\"46,43\"","accept-ranges":"none","transfer-encoding":"chunked"}
[debug] [2022-12-14T14:14:04.277Z] > refreshing access token with scopes: []
[debug] [2022-12-14T14:14:04.278Z] >>> HTTP REQUEST POST https://www.googleapis.com/oauth2/v3/token  
 <request body omitted>
[debug] [2022-12-14T14:14:04.491Z] <<< HTTP RESPONSE 200 {"pragma":"no-cache","date":"Wed, 14 Dec 2022 14:14:04 GMT","expires":"Mon, 01 Jan 1990 00:00:00 GMT","cache-control":"no-cache, no-store, max-age=0, must-revalidate","content-type":"application/json; charset=utf-8","vary":"X-Origin, Referer, Origin,Accept-Encoding","server":"scaffolding on HTTPServer2","x-xss-protection":"0","x-frame-options":"SAMEORIGIN","x-content-type-options":"nosniff","alt-svc":"h3=\":443\"; ma=2592000,h3-29=\":443\"; ma=2592000,h3-Q050=\":443\"; ma=2592000,h3-Q046=\":443\"; ma=2592000,h3-Q043=\":443\"; ma=2592000,quic=\":443\"; ma=2592000; v=\"46,43\"","accept-ranges":"none","transfer-encoding":"chunked"}
[debug] [2022-12-14T14:14:04.549Z] >>> [apiv2][query] GET https://firebase.googleapis.com/v1beta1/projects/rostermaker [none]
[debug] [2022-12-14T14:14:04.968Z] <<< [apiv2][status] GET https://firebase.googleapis.com/v1beta1/projects/rostermaker 200
[debug] [2022-12-14T14:14:04.969Z] <<< [apiv2][body] GET https://firebase.googleapis.com/v1beta1/projects/rostermaker {"projectId":"rostermaker","projectNumber":"562517485189","displayName":"rosterfactory","name":"projects/rostermaker","resources":{"hostingSite":"rostermaker"},"state":"ACTIVE","etag":"1_561da545-5559-489b-ba25-594e88954f61"}
[info] 
[info] === Deploying to 'rostermaker'...
[info] 
[info] i  deploying hosting 
[debug] [2022-12-14T14:14:04.979Z] > refreshing access token with scopes: ["email","https://www.googleapis.com/auth/cloud-platform","https://www.googleapis.com/auth/cloudplatformprojects.readonly","https://www.googleapis.com/auth/firebase","openid"]
[debug] [2022-12-14T14:14:04.979Z] >>> HTTP REQUEST POST https://www.googleapis.com/oauth2/v3/token  
 <request body omitted>
[debug] [2022-12-14T14:14:05.203Z] <<< HTTP RESPONSE 200 {"expires":"Mon, 01 Jan 1990 00:00:00 GMT","date":"Wed, 14 Dec 2022 14:14:05 GMT","cache-control":"no-cache, no-store, max-age=0, must-revalidate","pragma":"no-cache","content-type":"application/json; charset=utf-8","vary":"X-Origin, Referer, Origin,Accept-Encoding","server":"scaffolding on HTTPServer2","x-xss-protection":"0","x-frame-options":"SAMEORIGIN","x-content-type-options":"nosniff","alt-svc":"h3=\":443\"; ma=2592000,h3-29=\":443\"; ma=2592000,h3-Q050=\":443\"; ma=2592000,h3-Q046=\":443\"; ma=2592000,h3-Q043=\":443\"; ma=2592000,quic=\":443\"; ma=2592000; v=\"46,43\"","accept-ranges":"none","transfer-encoding":"chunked"}
[debug] [2022-12-14T14:14:05.240Z] >>> HTTP REQUEST POST https://firebasehosting.googleapis.com/v1beta1/sites/rostermaker/versions  
 {"config":{"rewrites":[{"glob":"**","path":"/index.html"}]},"labels":{"deployment-tool":"cli-firebase"}}
